\BOOKMARK [0][-]{chapter*.2}{\376\377\122\115\212\000}{}% 1
\BOOKMARK [-1][-]{part.1}{\376\377\000I\000\040\000C\000r\000a\000w\000l\000e\000r}{}% 2
\BOOKMARK [0][-]{chapter.1}{\376\377\116\254\116\034\162\054\206\153}{part.1}% 3
\BOOKMARK [1][-]{section.1.1}{\376\377\177\121\230\165\000U\000R\000L\162\054\123\326}{chapter.1}% 4
\BOOKMARK [1][-]{section.1.2}{\376\377\125\106\124\301\117\341\140\157\143\320\123\326}{chapter.1}% 5
\BOOKMARK [1][-]{section.1.3}{\376\377\125\106\124\301\213\304\213\272\150\007\173\176\143\320\123\326}{chapter.1}% 6
\BOOKMARK [1][-]{section.1.4}{\376\377\125\106\124\301\213\304\122\006\213\241\173\227}{chapter.1}% 7
\BOOKMARK [0][-]{chapter.2}{\376\377\202\317\133\201\162\054\206\153}{part.1}% 8
\BOOKMARK [1][-]{section.2.1}{\376\377\177\121\230\165\000U\000R\000L\162\054\123\326}{chapter.2}% 9
\BOOKMARK [1][-]{section.2.2}{\376\377\125\106\124\301\117\341\140\157\162\054\123\326}{chapter.2}% 10
\BOOKMARK [1][-]{section.2.3}{\376\377\125\106\124\301\213\304\213\272\150\007\173\176\162\054\123\326}{chapter.2}% 11
\BOOKMARK [1][-]{section.2.4}{\376\377\125\106\124\301\213\304\122\006\213\241\173\227}{chapter.2}% 12
\BOOKMARK [-1][-]{part.2}{\376\377\000I\000I\000\040\000I\000n\000d\000e\000x\000\040\000\046\000\040\000S\000e\000a\000r\000c\000h}{}% 13
\BOOKMARK [0][-]{chapter.3}{\376\377\147\204\136\372\175\042\137\025}{part.2}% 14
\BOOKMARK [0][-]{chapter.4}{\376\377\126\376\162\107\123\071\221\115}{part.2}% 15
\BOOKMARK [1][-]{section.4.1}{\376\377\000L\000O\000G\000O\123\071\221\115}{chapter.4}% 16
\BOOKMARK [1][-]{section.4.2}{\376\377\000L\000S\000H\123\071\221\115}{chapter.4}% 17
\BOOKMARK [0][-]{chapter.5}{\376\377\125\106\124\301\150\300\175\042\116\016\143\222\136\217}{part.2}% 18
\BOOKMARK [1][-]{section.5.1}{\376\377\143\011\166\370\121\163\140\047\150\300\175\042}{chapter.5}% 19
\BOOKMARK [1][-]{section.5.2}{\376\377\143\011\134\136\140\047\150\300\175\042}{chapter.5}% 20
\BOOKMARK [-1][-]{part.3}{\376\377\000I\000I\000I\000\040\000W\000e\000b\000\040\000F\000r\000o\000n\000t\000-\000e\000n\000d}{}% 21
\BOOKMARK [0][-]{chapter.6}{\376\377\000W\000e\000b\150\106\147\266}{part.3}% 22
\BOOKMARK [1][-]{section.6.1}{\376\377\000w\000e\000b\000.\000p\000y\221\115\177\156}{chapter.6}% 23
\BOOKMARK [1][-]{section.6.2}{\376\377\000B\000o\000o\000t\000s\000t\000r\000a\000p\150\106\147\266}{chapter.6}% 24
\BOOKMARK [0][-]{chapter.7}{\376\377\177\121\230\165\136\003\134\100}{part.3}% 25
\BOOKMARK [1][-]{section.7.1}{\376\377\144\034\175\042\116\073\230\165}{chapter.7}% 26
\BOOKMARK [1][-]{section.7.2}{\376\377\125\106\124\301\117\341\140\157\226\110\122\027}{chapter.7}% 27
\BOOKMARK [1][-]{section.7.3}{\376\377\125\106\124\301\217\307\156\344\122\237\200\375}{chapter.7}% 28
\BOOKMARK [0][-]{chapter*.3}{\376\377\000A\000p\000p\000e\000n\000d\000i\000x}{part.3}% 29
\BOOKMARK [0][-]{chapter*.6}{\376\377\140\073\176\323}{part.3}% 30
